<?xml version="1.0" encoding="UTF-8"?>
<testsuite name="com.builders.web.HelloServletTest" tests="1" skipped="0" failures="0" errors="0" timestamp="2022-03-31T07:00:02" hostname="DESKTOP-G4GBUHC" time="0.021">
  <properties/>
  <testcase name="testHello" classname="com.builders.web.HelloServletTest" time="0.021"/>
  <system-out><![CDATA[]]></system-out>
  <system-err><![CDATA[]]></system-err>
</testsuite>
