<?xml version="1.0" encoding="UTF-8"?>
<testsuite name="com.builders.admin.AdminEntryPointTest" tests="1" skipped="0" failures="0" errors="0" timestamp="2022-03-31T06:59:52" hostname="DESKTOP-G4GBUHC" time="0.017">
  <properties/>
  <testcase name="testHello" classname="com.builders.admin.AdminEntryPointTest" time="0.017"/>
  <system-out><![CDATA[]]></system-out>
  <system-err><![CDATA[]]></system-err>
</testsuite>
