<?xml version="1.0" encoding="UTF-8"?>
<testsuite name="com.builders.services.BuilderServiceTest" tests="1" skipped="0" failures="0" errors="0" timestamp="2022-03-31T06:59:54" hostname="DESKTOP-G4GBUHC" time="0.025">
  <properties/>
  <testcase name="testHello" classname="com.builders.services.BuilderServiceTest" time="0.025"/>
  <system-out><![CDATA[]]></system-out>
  <system-err><![CDATA[]]></system-err>
</testsuite>
